./cspm: 2: ./cspm: {roslaunch: not found
./cspm: 2: ./cspm: {sh: not found
sh: 0: Can't open ./cspmhelp

(process:10635): GLib-CRITICAL **: g_slice_set_config: assertion 'sys_page_size == 0' failed
WARNING: content window passed to PrivateBrowsingUtils.isWindowPrivate. Use isContentWindowPrivate instead (but only for frame scripts).
pbu_isWindowPrivate@resource://gre/modules/PrivateBrowsingUtils.jsm:25:14
pbs<@resource://unity/observer.js:38:71
Observer.prototype.observe@resource://unity/observer.js:77:24
get_contentWindow@chrome://global/content/bindings/browser.xml:412:54
get_securityUI@chrome://global/content/bindings/browser.xml:662:17
browser_XBL_Constructor@chrome://global/content/bindings/browser.xml:786:17
WARNING: content window passed to PrivateBrowsingUtils.isWindowPrivate. Use isContentWindowPrivate instead (but only for frame scripts).
pbu_isWindowPrivate@resource://gre/modules/PrivateBrowsingUtils.jsm:25:14
pbs<@resource://unity/observer.js:38:71
Observer.prototype.observe@resource://unity/observer.js:77:24
WARNING: content window passed to PrivateBrowsingUtils.isWindowPrivate. Use isContentWindowPrivate instead (but only for frame scripts).
pbu_isWindowPrivate@resource://gre/modules/PrivateBrowsingUtils.jsm:25:14
pbs<@resource://unity/observer.js:38:71
Observer.prototype.observe@resource://unity/observer.js:77:24
WARNING: content window passed to PrivateBrowsingUtils.isWindowPrivate. Use isContentWindowPrivate instead (but only for frame scripts).
pbu_isWindowPrivate@resource://gre/modules/PrivateBrowsingUtils.jsm:25:14
pbs<@resource://unity/observer.js:38:71
Observer.prototype.observe@resource://unity/observer.js:77:24
1459147093451	addons.xpi	WARN	Exception running bootstrap method shutdown on webapps-team@lists.launchpad.net: ReferenceError: sss is not defined (resource://gre/modules/addons/XPIProvider.jsm -> file:///usr/share/mozilla/extensions/%7Bec8030f7-c20a-464f-9b0e-13a3a9e97384%7D/webapps-team@lists.launchpad.net/bootstrap.js:72:4) JS Stack trace: shutdown@resource://gre/modules/addons/XPIProvider.jsm -> file:///usr/share/mozilla/extensions/%7Bec8030f7-c20a-464f-9b0e-13a3a9e97384%7D/webapps-team@bootstrap.js:72:5 < XPI_callBootstrapMethod@XPIProvider.jsm:4436:9 < shutdownObserver@XPIProvider.jsm:2183:13
